<?xml version="1.0" encoding="UTF-8"?>
<!-- Generated by org.testng.reporters.JUnitXMLReporter -->
<testsuite ignored="0" hostname="LAPTOP-01D65UQ3" failures="0" tests="3" name="Test" time="0.888" errors="0" timestamp="2021-05-05T16:22:37 IST">
  <testcase classname="com.qa.testscripts.TestBase" name="@BeforeClass setup" time="-1.620211956594E9">
    <failure type="org.testng.TestNGException" message="
Parameter &amp;apos;Browser&amp;apos; is required by BeforeClass on method setup but has not been marked @Optional or defined
in C:\Users\Anil\Desktop\automation\Amazon\testng.xml">
      <![CDATA[org.testng.TestNGException: 
Parameter 'Browser' is required by BeforeClass on method setup but has not been marked @Optional or defined
in C:\Users\Anil\Desktop\automation\Amazon\testng.xml
at java.base/java.util.ArrayList.forEach(ArrayList.java:1511)
... Removed 22 stack frames]]>
    </failure>
  </testcase> <!-- @BeforeClass setup -->
  <testcase classname="com.qa.testscripts.TestBase" name="@AfterClass tearDown" time="-1.620211957453E9">
    <skipped/>
  </testcase> <!-- @AfterClass tearDown -->
  <testcase classname="com.qa.testscripts.Amazon" name="searchItemsInAmazon" time="0.0">
    <skipped/>
  </testcase> <!-- searchItemsInAmazon -->
  <testcase classname="com.qa.testscripts.Amazon" name="amazonend" time="0.0">
    <skipped/>
  </testcase> <!-- amazonend -->
  <testcase classname="com.qa.testscripts.Amazon" name="amazon" time="0.0">
    <skipped/>
  </testcase> <!-- amazon -->
</testsuite> <!-- Test -->
