<?xml version="1.0" encoding="UTF-8"?>
<!-- Generated by org.testng.reporters.JUnitReportReporter -->
<testsuite hostname="LAPTOP-01D65UQ3" failures="0" tests="4" name="com.qa.testscripts.Amazon" time="-1620292096.000" errors="1" timestamp="2021-05-06T14:38:58 IST" skipped="3">
  <testcase classname="com.qa.testscripts.Amazon" name="setup" time="-1620292096.000">
    <error message="
Parameter &#039;Browser&#039; is required by BeforeClass on method setup but has not been marked @Optional or defined
in C:\Users\Anil\git\MyAmazonProject\Amazon\testng.xml" type="org.testng.TestNGException">
      <![CDATA[org.testng.TestNGException: 
Parameter 'Browser' is required by BeforeClass on method setup but has not been marked @Optional or defined
in C:\Users\Anil\git\MyAmazonProject\Amazon\testng.xml
at org.testng.internal.Parameters.createParams(Parameters.java:268)
at org.testng.internal.Parameters.createParametersForMethod(Parameters.java:356)
at org.testng.internal.Parameters.createParameters(Parameters.java:700)
at org.testng.internal.Parameters.createConfigurationParameters(Parameters.java:166)
at org.testng.internal.ConfigInvoker.invokeConfigurations(ConfigInvoker.java:301)
at org.testng.internal.TestMethodWorker.invokeBeforeClassMethods(TestMethodWorker.java:176)
at org.testng.internal.TestMethodWorker.run(TestMethodWorker.java:122)
at java.base/java.util.ArrayList.forEach(ArrayList.java:1511)
at org.testng.TestRunner.privateRun(TestRunner.java:764)
at org.testng.TestRunner.run(TestRunner.java:585)
at org.testng.SuiteRunner.runTest(SuiteRunner.java:384)
at org.testng.SuiteRunner.runSequentially(SuiteRunner.java:378)
at org.testng.SuiteRunner.privateRun(SuiteRunner.java:337)
at org.testng.SuiteRunner.run(SuiteRunner.java:286)
at org.testng.SuiteRunnerWorker.runSuite(SuiteRunnerWorker.java:53)
at org.testng.SuiteRunnerWorker.run(SuiteRunnerWorker.java:96)
at org.testng.TestNG.runSuitesSequentially(TestNG.java:1218)
at org.testng.TestNG.runSuitesLocally(TestNG.java:1140)
at org.testng.TestNG.runSuites(TestNG.java:1069)
at org.testng.TestNG.run(TestNG.java:1037)
at org.testng.remote.AbstractRemoteTestNG.run(AbstractRemoteTestNG.java:115)
at org.testng.remote.RemoteTestNG.initAndRun(RemoteTestNG.java:251)
at org.testng.remote.RemoteTestNG.main(RemoteTestNG.java:77)
]]>
    </error>
  </testcase> <!-- setup -->
  <system-out/>
  <testcase classname="com.qa.testscripts.Amazon" name="searchItemsInAmazon" time="0.000">
    <skipped/>
  </testcase> <!-- searchItemsInAmazon -->
  <system-out/>
  <testcase classname="com.qa.testscripts.Amazon" name="amazonend" time="0.000">
    <skipped/>
  </testcase> <!-- amazonend -->
  <system-out/>
  <testcase classname="com.qa.testscripts.Amazon" name="amazon" time="0.000">
    <skipped/>
  </testcase> <!-- amazon -->
  <system-out/>
</testsuite> <!-- com.qa.testscripts.Amazon -->
